Build started 18/10/2013 23:35:23.
     1>Project "C:\Users\Alexandre Werneck\Documents\Visual Studio 2010\Projects\ArcaboucoTesteC\TRAB2\grafo\grafo\grafo.vcxproj" on node 2 (rebuild target(s)).
     1>_PrepareForClean:
         Deleting file "Release\grafo.lastbuildstate".
       InitializeBuildStatus:
         Creating "Release\grafo.unsuccessfulbuild" because "AlwaysCreate" was specified.
       ClCompile:
         C:\Program Files (x86)\Microsoft Visual Studio 10.0\VC\bin\CL.exe /c /Zi /nologo /W3 /WX- /O2 /Oi /Oy- /GL /D WIN32 /D NDEBUG /D _CONSOLE /D _UNICODE /D UNICODE /Gm- /EHsc /MD /GS /Gy /fp:precise /Zc:wchar_t /Zc:forScope /Fo"Release\\" /Fd"Release\vc100.pdb" /Gd /TC /analyze- /errorReport:prompt GRAFO.C LISTA.C TESTGRA.C VERTICE.C
         GRAFO.C
     1>GRAFO.C(652): warning C4101: 'RET' : unreferenced local variable
         LISTA.C
         TESTGRA.C
         VERTICE.C
     1>VERTICE.C(64): warning C4996: 'strcpy': This function or variable may be unsafe. Consider using strcpy_s instead. To disable deprecation, use _CRT_SECURE_NO_WARNINGS. See online help for details.
     1>VERTICE.C(122): warning C4996: 'strcpy': This function or variable may be unsafe. Consider using strcpy_s instead. To disable deprecation, use _CRT_SECURE_NO_WARNINGS. See online help for details.
       Link:
         C:\Program Files (x86)\Microsoft Visual Studio 10.0\VC\bin\link.exe /ERRORREPORT:PROMPT /OUT:"C:\Users\Alexandre Werneck\Documents\Visual Studio 2010\Projects\ArcaboucoTesteC\TRAB2\grafo\Release\grafo.exe" /INCREMENTAL:NO /NOLOGO kernel32.lib user32.lib gdi32.lib winspool.lib comdlg32.lib advapi32.lib shell32.lib ole32.lib oleaut32.lib uuid.lib odbc32.lib odbccp32.lib /MANIFEST /ManifestFile:"Release\grafo.exe.intermediate.manifest" /MANIFESTUAC:"level='asInvoker' uiAccess='false'" /DEBUG /PDB:"C:\Users\Alexandre Werneck\Documents\Visual Studio 2010\Projects\ArcaboucoTesteC\TRAB2\grafo\Release\grafo.pdb" /SUBSYSTEM:CONSOLE /OPT:REF /OPT:ICF /LTCG /TLBID:1 /DYNAMICBASE /NXCOMPAT /IMPLIB:"C:\Users\Alexandre Werneck\Documents\Visual Studio 2010\Projects\ArcaboucoTesteC\TRAB2\grafo\Release\grafo.lib" /MACHINE:X86 Release\GRAFO.obj
         Release\LISTA.obj
         Release\TESTGRA.obj
         Release\VERTICE.obj
         ArcaboucoTeste.lib
     1>LINK : warning LNK4098: defaultlib 'LIBCMT' conflicts with use of other libs; use /NODEFAULTLIB:library
         Generating code
         Finished generating code
         grafo.vcxproj -> C:\Users\Alexandre Werneck\Documents\Visual Studio 2010\Projects\ArcaboucoTesteC\TRAB2\grafo\Release\grafo.exe
       Manifest:
         C:\Program Files (x86)\Microsoft SDKs\Windows\v7.0A\bin\mt.exe /nologo /verbose /outputresource:"C:\Users\Alexandre Werneck\Documents\Visual Studio 2010\Projects\ArcaboucoTesteC\TRAB2\grafo\Release\grafo.exe;#1" /manifest Release\grafo.exe.intermediate.manifest
       FinalizeBuildStatus:
         Deleting file "Release\grafo.unsuccessfulbuild".
         Touching "Release\grafo.lastbuildstate".
     1>Done Building Project "C:\Users\Alexandre Werneck\Documents\Visual Studio 2010\Projects\ArcaboucoTesteC\TRAB2\grafo\grafo\grafo.vcxproj" (rebuild target(s)).

Build succeeded.

Time Elapsed 00:00:00.95
