C:\USERS\B1320614\DOCUMENTS\VISUAL STUDIO 2010\PROJECTS\ARCABOUCOTESTEC\TRAB2\GRAFO\DEBUG\GRAFO.EXE
C:\USERS\B1320614\DOCUMENTS\VISUAL STUDIO 2010\PROJECTS\ARCABOUCOTESTEC\TRAB2\GRAFO\DEBUG\GRAFO.ILK
C:\USERS\B1320614\DOCUMENTS\VISUAL STUDIO 2010\PROJECTS\ARCABOUCOTESTEC\TRAB2\GRAFO\DEBUG\GRAFO.PDB
C:\Users\b1320614\Documents\Visual Studio 2010\Projects\ArcaboucoTesteC\TRAB2\grafo\grafo\Debug\cl.command.1.tlog
C:\Users\b1320614\Documents\Visual Studio 2010\Projects\ArcaboucoTesteC\TRAB2\grafo\grafo\Debug\CL.read.1.tlog
C:\Users\b1320614\Documents\Visual Studio 2010\Projects\ArcaboucoTesteC\TRAB2\grafo\grafo\Debug\CL.write.1.tlog
C:\USERS\B1320614\DOCUMENTS\VISUAL STUDIO 2010\PROJECTS\ARCABOUCOTESTEC\TRAB2\GRAFO\GRAFO\DEBUG\GRAFO.EXE.EMBED.MANIFEST
C:\USERS\B1320614\DOCUMENTS\VISUAL STUDIO 2010\PROJECTS\ARCABOUCOTESTEC\TRAB2\GRAFO\GRAFO\DEBUG\GRAFO.EXE.EMBED.MANIFEST.RES
C:\USERS\B1320614\DOCUMENTS\VISUAL STUDIO 2010\PROJECTS\ARCABOUCOTESTEC\TRAB2\GRAFO\GRAFO\DEBUG\GRAFO.EXE.INTERMEDIATE.MANIFEST
C:\USERS\B1320614\DOCUMENTS\VISUAL STUDIO 2010\PROJECTS\ARCABOUCOTESTEC\TRAB2\GRAFO\GRAFO\DEBUG\GRAFO.OBJ
C:\Users\b1320614\Documents\Visual Studio 2010\Projects\ArcaboucoTesteC\TRAB2\grafo\grafo\Debug\grafo.write.1.tlog
C:\Users\b1320614\Documents\Visual Studio 2010\Projects\ArcaboucoTesteC\TRAB2\grafo\grafo\Debug\grafo_manifest.rc
C:\Users\b1320614\Documents\Visual Studio 2010\Projects\ArcaboucoTesteC\TRAB2\grafo\grafo\Debug\link.5560.read.1.tlog
C:\Users\b1320614\Documents\Visual Studio 2010\Projects\ArcaboucoTesteC\TRAB2\grafo\grafo\Debug\link.5560.write.1.tlog
C:\Users\b1320614\Documents\Visual Studio 2010\Projects\ArcaboucoTesteC\TRAB2\grafo\grafo\Debug\link.5560-cvtres.read.1.tlog
C:\Users\b1320614\Documents\Visual Studio 2010\Projects\ArcaboucoTesteC\TRAB2\grafo\grafo\Debug\link.5560-cvtres.write.1.tlog
C:\Users\b1320614\Documents\Visual Studio 2010\Projects\ArcaboucoTesteC\TRAB2\grafo\grafo\Debug\link.command.1.tlog
C:\Users\b1320614\Documents\Visual Studio 2010\Projects\ArcaboucoTesteC\TRAB2\grafo\grafo\Debug\link.read.1.tlog
C:\Users\b1320614\Documents\Visual Studio 2010\Projects\ArcaboucoTesteC\TRAB2\grafo\grafo\Debug\link.write.1.tlog
C:\Users\b1320614\Documents\Visual Studio 2010\Projects\ArcaboucoTesteC\TRAB2\grafo\grafo\Debug\link-cvtres.read.1.tlog
C:\Users\b1320614\Documents\Visual Studio 2010\Projects\ArcaboucoTesteC\TRAB2\grafo\grafo\Debug\link-cvtres.write.1.tlog
C:\USERS\B1320614\DOCUMENTS\VISUAL STUDIO 2010\PROJECTS\ARCABOUCOTESTEC\TRAB2\GRAFO\GRAFO\DEBUG\LISTA.OBJ
C:\Users\b1320614\Documents\Visual Studio 2010\Projects\ArcaboucoTesteC\TRAB2\grafo\grafo\Debug\mt.command.1.tlog
C:\Users\b1320614\Documents\Visual Studio 2010\Projects\ArcaboucoTesteC\TRAB2\grafo\grafo\Debug\mt.read.1.tlog
C:\Users\b1320614\Documents\Visual Studio 2010\Projects\ArcaboucoTesteC\TRAB2\grafo\grafo\Debug\mt.write.1.tlog
C:\Users\b1320614\Documents\Visual Studio 2010\Projects\ArcaboucoTesteC\TRAB2\grafo\grafo\Debug\rc.command.1.tlog
C:\Users\b1320614\Documents\Visual Studio 2010\Projects\ArcaboucoTesteC\TRAB2\grafo\grafo\Debug\rc.read.1.tlog
C:\Users\b1320614\Documents\Visual Studio 2010\Projects\ArcaboucoTesteC\TRAB2\grafo\grafo\Debug\rc.write.1.tlog
C:\USERS\B1320614\DOCUMENTS\VISUAL STUDIO 2010\PROJECTS\ARCABOUCOTESTEC\TRAB2\GRAFO\GRAFO\DEBUG\TESTGRA.OBJ
C:\Users\b1320614\Documents\Visual Studio 2010\Projects\ArcaboucoTesteC\TRAB2\grafo\grafo\Debug\vc100.idb
C:\USERS\B1320614\DOCUMENTS\VISUAL STUDIO 2010\PROJECTS\ARCABOUCOTESTEC\TRAB2\GRAFO\GRAFO\DEBUG\VC100.PDB
C:\USERS\B1320614\DOCUMENTS\VISUAL STUDIO 2010\PROJECTS\ARCABOUCOTESTEC\TRAB2\GRAFO\GRAFO\DEBUG\VERTICE.OBJ
