C:\USERS\ALEXANDRE WERNECK\DOCUMENTS\VISUAL STUDIO 2010\PROJECTS\ARCABOUCOTESTEC\TRAB2\LISTA\DEBUG\LISTA.EXE
C:\USERS\ALEXANDRE WERNECK\DOCUMENTS\VISUAL STUDIO 2010\PROJECTS\ARCABOUCOTESTEC\TRAB2\LISTA\DEBUG\LISTA.ILK
C:\USERS\ALEXANDRE WERNECK\DOCUMENTS\VISUAL STUDIO 2010\PROJECTS\ARCABOUCOTESTEC\TRAB2\LISTA\DEBUG\LISTA.PDB
C:\Users\Alexandre Werneck\Documents\Visual Studio 2010\Projects\ArcaboucoTesteC\TRAB2\lista\lista\Debug\cl.command.1.tlog
C:\Users\Alexandre Werneck\Documents\Visual Studio 2010\Projects\ArcaboucoTesteC\TRAB2\lista\lista\Debug\CL.read.1.tlog
C:\Users\Alexandre Werneck\Documents\Visual Studio 2010\Projects\ArcaboucoTesteC\TRAB2\lista\lista\Debug\CL.write.1.tlog
C:\Users\Alexandre Werneck\Documents\Visual Studio 2010\Projects\ArcaboucoTesteC\TRAB2\lista\lista\Debug\link.6184.read.1.tlog
C:\Users\Alexandre Werneck\Documents\Visual Studio 2010\Projects\ArcaboucoTesteC\TRAB2\lista\lista\Debug\link.6184.write.1.tlog
C:\Users\Alexandre Werneck\Documents\Visual Studio 2010\Projects\ArcaboucoTesteC\TRAB2\lista\lista\Debug\link.6184-cvtres.read.1.tlog
C:\Users\Alexandre Werneck\Documents\Visual Studio 2010\Projects\ArcaboucoTesteC\TRAB2\lista\lista\Debug\link.6184-cvtres.write.1.tlog
C:\Users\Alexandre Werneck\Documents\Visual Studio 2010\Projects\ArcaboucoTesteC\TRAB2\lista\lista\Debug\link.command.1.tlog
C:\Users\Alexandre Werneck\Documents\Visual Studio 2010\Projects\ArcaboucoTesteC\TRAB2\lista\lista\Debug\link.read.1.tlog
C:\Users\Alexandre Werneck\Documents\Visual Studio 2010\Projects\ArcaboucoTesteC\TRAB2\lista\lista\Debug\link.write.1.tlog
C:\Users\Alexandre Werneck\Documents\Visual Studio 2010\Projects\ArcaboucoTesteC\TRAB2\lista\lista\Debug\link-cvtres.read.1.tlog
C:\Users\Alexandre Werneck\Documents\Visual Studio 2010\Projects\ArcaboucoTesteC\TRAB2\lista\lista\Debug\link-cvtres.write.1.tlog
C:\USERS\ALEXANDRE WERNECK\DOCUMENTS\VISUAL STUDIO 2010\PROJECTS\ARCABOUCOTESTEC\TRAB2\LISTA\LISTA\DEBUG\LISTA.EXE.EMBED.MANIFEST
C:\USERS\ALEXANDRE WERNECK\DOCUMENTS\VISUAL STUDIO 2010\PROJECTS\ARCABOUCOTESTEC\TRAB2\LISTA\LISTA\DEBUG\LISTA.EXE.EMBED.MANIFEST.RES
C:\USERS\ALEXANDRE WERNECK\DOCUMENTS\VISUAL STUDIO 2010\PROJECTS\ARCABOUCOTESTEC\TRAB2\LISTA\LISTA\DEBUG\LISTA.EXE.INTERMEDIATE.MANIFEST
C:\USERS\ALEXANDRE WERNECK\DOCUMENTS\VISUAL STUDIO 2010\PROJECTS\ARCABOUCOTESTEC\TRAB2\LISTA\LISTA\DEBUG\LISTA.OBJ
C:\Users\Alexandre Werneck\Documents\Visual Studio 2010\Projects\ArcaboucoTesteC\TRAB2\lista\lista\Debug\lista_manifest.rc
C:\Users\Alexandre Werneck\Documents\Visual Studio 2010\Projects\ArcaboucoTesteC\TRAB2\lista\lista\Debug\mt.command.1.tlog
C:\Users\Alexandre Werneck\Documents\Visual Studio 2010\Projects\ArcaboucoTesteC\TRAB2\lista\lista\Debug\mt.read.1.tlog
C:\Users\Alexandre Werneck\Documents\Visual Studio 2010\Projects\ArcaboucoTesteC\TRAB2\lista\lista\Debug\mt.write.1.tlog
C:\Users\Alexandre Werneck\Documents\Visual Studio 2010\Projects\ArcaboucoTesteC\TRAB2\lista\lista\Debug\rc.command.1.tlog
C:\Users\Alexandre Werneck\Documents\Visual Studio 2010\Projects\ArcaboucoTesteC\TRAB2\lista\lista\Debug\rc.read.1.tlog
C:\Users\Alexandre Werneck\Documents\Visual Studio 2010\Projects\ArcaboucoTesteC\TRAB2\lista\lista\Debug\rc.write.1.tlog
C:\USERS\ALEXANDRE WERNECK\DOCUMENTS\VISUAL STUDIO 2010\PROJECTS\ARCABOUCOTESTEC\TRAB2\LISTA\LISTA\DEBUG\TESTLIS.OBJ
C:\Users\Alexandre Werneck\Documents\Visual Studio 2010\Projects\ArcaboucoTesteC\TRAB2\lista\lista\Debug\vc100.idb
C:\USERS\ALEXANDRE WERNECK\DOCUMENTS\VISUAL STUDIO 2010\PROJECTS\ARCABOUCOTESTEC\TRAB2\LISTA\LISTA\DEBUG\VC100.PDB
