Build started 19/10/2013 01:57:40.
     1>Project "C:\Users\Alexandre Werneck\Documents\Visual Studio 2010\Projects\ArcaboucoTesteC\TRAB2\lista\lista\lista.vcxproj" on node 2 (rebuild target(s)).
     1>_PrepareForClean:
         Deleting file "Debug\lista.lastbuildstate".
       InitializeBuildStatus:
         Creating "Debug\lista.unsuccessfulbuild" because "AlwaysCreate" was specified.
       ClCompile:
         C:\Program Files (x86)\Microsoft Visual Studio 10.0\VC\bin\CL.exe /c /ZI /nologo /W3 /WX- /Od /Oy- /D WIN32 /D _DEBUG /D _CONSOLE /D _UNICODE /D UNICODE /Gm /EHsc /RTC1 /MDd /GS /fp:precise /Zc:wchar_t /Zc:forScope /Fo"Debug\\" /Fd"Debug\vc100.pdb" /Gd /TC /analyze- /errorReport:prompt LISTA.C TESTLIS.C
         TESTLIS.C
         LISTA.C
         Generating Code...
       ManifestResourceCompile:
         C:\Program Files (x86)\Microsoft SDKs\Windows\v7.0A\bin\rc.exe /nologo /fo"Debug\lista.exe.embed.manifest.res" Debug\lista_manifest.rc 
       Link:
         C:\Program Files (x86)\Microsoft Visual Studio 10.0\VC\bin\link.exe /ERRORREPORT:PROMPT /OUT:"C:\Users\Alexandre Werneck\Documents\Visual Studio 2010\Projects\ArcaboucoTesteC\TRAB2\lista\Debug\lista.exe" /INCREMENTAL /NOLOGO kernel32.lib user32.lib gdi32.lib winspool.lib comdlg32.lib advapi32.lib shell32.lib ole32.lib oleaut32.lib uuid.lib odbc32.lib odbccp32.lib /MANIFEST /ManifestFile:"Debug\lista.exe.intermediate.manifest" /MANIFESTUAC:"level='asInvoker' uiAccess='false'" /DEBUG /PDB:"C:\Users\Alexandre Werneck\Documents\Visual Studio 2010\Projects\ArcaboucoTesteC\TRAB2\lista\Debug\lista.pdb" /SUBSYSTEM:CONSOLE /TLBID:1 /DYNAMICBASE /NXCOMPAT /IMPLIB:"C:\Users\Alexandre Werneck\Documents\Visual Studio 2010\Projects\ArcaboucoTesteC\TRAB2\lista\Debug\lista.lib" /MACHINE:X86 Debug\lista.exe.embed.manifest.res
         Debug\LISTA.obj
         Debug\TESTLIS.obj
         ArcaboucoTeste.lib
     1>LINK : warning LNK4098: defaultlib 'LIBCMT' conflicts with use of other libs; use /NODEFAULTLIB:library
       Manifest:
         Deleting file "Debug\lista.exe.embed.manifest".
         C:\Program Files (x86)\Microsoft SDKs\Windows\v7.0A\bin\mt.exe /nologo /verbose /out:"Debug\lista.exe.embed.manifest" /manifest Debug\lista.exe.intermediate.manifest
         C:\Program Files (x86)\Microsoft SDKs\Windows\v7.0A\bin\rc.exe /nologo /fo"Debug\lista.exe.embed.manifest.res" Debug\lista_manifest.rc 
       LinkEmbedManifest:
         C:\Program Files (x86)\Microsoft Visual Studio 10.0\VC\bin\link.exe /ERRORREPORT:PROMPT /OUT:"C:\Users\Alexandre Werneck\Documents\Visual Studio 2010\Projects\ArcaboucoTesteC\TRAB2\lista\Debug\lista.exe" /INCREMENTAL /NOLOGO kernel32.lib user32.lib gdi32.lib winspool.lib comdlg32.lib advapi32.lib shell32.lib ole32.lib oleaut32.lib uuid.lib odbc32.lib odbccp32.lib /MANIFEST /ManifestFile:"Debug\lista.exe.intermediate.manifest" /MANIFESTUAC:"level='asInvoker' uiAccess='false'" /DEBUG /PDB:"C:\Users\Alexandre Werneck\Documents\Visual Studio 2010\Projects\ArcaboucoTesteC\TRAB2\lista\Debug\lista.pdb" /SUBSYSTEM:CONSOLE /TLBID:1 /DYNAMICBASE /NXCOMPAT /IMPLIB:"C:\Users\Alexandre Werneck\Documents\Visual Studio 2010\Projects\ArcaboucoTesteC\TRAB2\lista\Debug\lista.lib" /MACHINE:X86 Debug\lista.exe.embed.manifest.res
         Debug\LISTA.obj
         Debug\TESTLIS.obj
         ArcaboucoTeste.lib
     1>LINK : warning LNK4098: defaultlib 'LIBCMT' conflicts with use of other libs; use /NODEFAULTLIB:library
         lista.vcxproj -> C:\Users\Alexandre Werneck\Documents\Visual Studio 2010\Projects\ArcaboucoTesteC\TRAB2\lista\Debug\lista.exe
       FinalizeBuildStatus:
         Deleting file "Debug\lista.unsuccessfulbuild".
         Touching "Debug\lista.lastbuildstate".
     1>Done Building Project "C:\Users\Alexandre Werneck\Documents\Visual Studio 2010\Projects\ArcaboucoTesteC\TRAB2\lista\lista\lista.vcxproj" (rebuild target(s)).

Build succeeded.

Time Elapsed 00:00:02.36
