Build started 02/11/2013 18:07:01.
     1>Project "C:\Users\Alexandre Werneck\Documents\Visual Studio 2010\Projects\ArcaboucoTesteC\TRAB3\TRAB3\TRAB3.vcxproj" on node 2 (build target(s)).
     1>InitializeBuildStatus:
         Touching "Release\TRAB3.unsuccessfulbuild".
       ClCompile:
         All outputs are up-to-date.
       Link:
         C:\Program Files (x86)\Microsoft Visual Studio 10.0\VC\bin\link.exe /ERRORREPORT:PROMPT /OUT:"C:\Users\Alexandre Werneck\Documents\Visual Studio 2010\Projects\ArcaboucoTesteC\TRAB3\Release\TRAB3.exe" /INCREMENTAL:NO /NOLOGO kernel32.lib user32.lib gdi32.lib winspool.lib comdlg32.lib advapi32.lib shell32.lib ole32.lib oleaut32.lib uuid.lib odbc32.lib odbccp32.lib /MANIFEST /ManifestFile:"Release\TRAB3.exe.intermediate.manifest" /MANIFESTUAC:"level='asInvoker' uiAccess='false'" /DEBUG /PDB:"C:\Users\Alexandre Werneck\Documents\Visual Studio 2010\Projects\ArcaboucoTesteC\TRAB3\Release\TRAB3.pdb" /SUBSYSTEM:CONSOLE /OPT:REF /OPT:ICF /LTCG /TLBID:1 /DYNAMICBASE /NXCOMPAT /IMPLIB:"C:\Users\Alexandre Werneck\Documents\Visual Studio 2010\Projects\ArcaboucoTesteC\TRAB3\Release\TRAB3.lib" /MACHINE:X86 Release\GRAFO.obj
         Release\JOGO.obj
         Release\LISTA.obj
         Release\MATRIZ.obj
         Release\PECA.obj
         Release\PRINCIPAL.obj
         Release\TABULEIRO.obj
         Release\VERTICE.obj
         Generating code
         Finished generating code
         TRAB3.vcxproj -> C:\Users\Alexandre Werneck\Documents\Visual Studio 2010\Projects\ArcaboucoTesteC\TRAB3\Release\TRAB3.exe
       Manifest:
         C:\Program Files (x86)\Microsoft SDKs\Windows\v7.0A\bin\mt.exe /nologo /verbose /outputresource:"C:\Users\Alexandre Werneck\Documents\Visual Studio 2010\Projects\ArcaboucoTesteC\TRAB3\Release\TRAB3.exe;#1" /manifest Release\TRAB3.exe.intermediate.manifest
       FinalizeBuildStatus:
         Deleting file "Release\TRAB3.unsuccessfulbuild".
         Touching "Release\TRAB3.lastbuildstate".
     1>Done Building Project "C:\Users\Alexandre Werneck\Documents\Visual Studio 2010\Projects\ArcaboucoTesteC\TRAB3\TRAB3\TRAB3.vcxproj" (build target(s)).

Build succeeded.

Time Elapsed 00:00:00.71
