C:\USERS\ALEXANDRE WERNECK\DOCUMENTS\VISUAL STUDIO 2010\PROJECTS\ARCABOUCOTESTEC\TRAB3\RELEASE\TRAB3.EXE
C:\USERS\ALEXANDRE WERNECK\DOCUMENTS\VISUAL STUDIO 2010\PROJECTS\ARCABOUCOTESTEC\TRAB3\RELEASE\TRAB3.PDB
C:\Users\Alexandre Werneck\Documents\Visual Studio 2010\Projects\ArcaboucoTesteC\TRAB3\TRAB3\Release\cl.command.1.tlog
C:\Users\Alexandre Werneck\Documents\Visual Studio 2010\Projects\ArcaboucoTesteC\TRAB3\TRAB3\Release\CL.read.1.tlog
C:\Users\Alexandre Werneck\Documents\Visual Studio 2010\Projects\ArcaboucoTesteC\TRAB3\TRAB3\Release\CL.write.1.tlog
C:\USERS\ALEXANDRE WERNECK\DOCUMENTS\VISUAL STUDIO 2010\PROJECTS\ARCABOUCOTESTEC\TRAB3\TRAB3\RELEASE\GRAFO.OBJ
C:\USERS\ALEXANDRE WERNECK\DOCUMENTS\VISUAL STUDIO 2010\PROJECTS\ARCABOUCOTESTEC\TRAB3\TRAB3\RELEASE\JOGO.OBJ
C:\Users\Alexandre Werneck\Documents\Visual Studio 2010\Projects\ArcaboucoTesteC\TRAB3\TRAB3\Release\link.command.1.tlog
C:\Users\Alexandre Werneck\Documents\Visual Studio 2010\Projects\ArcaboucoTesteC\TRAB3\TRAB3\Release\link.read.1.tlog
C:\Users\Alexandre Werneck\Documents\Visual Studio 2010\Projects\ArcaboucoTesteC\TRAB3\TRAB3\Release\link.write.1.tlog
C:\USERS\ALEXANDRE WERNECK\DOCUMENTS\VISUAL STUDIO 2010\PROJECTS\ARCABOUCOTESTEC\TRAB3\TRAB3\RELEASE\LISTA.OBJ
C:\Users\Alexandre Werneck\Documents\Visual Studio 2010\Projects\ArcaboucoTesteC\TRAB3\TRAB3\Release\mt.command.1.tlog
C:\Users\Alexandre Werneck\Documents\Visual Studio 2010\Projects\ArcaboucoTesteC\TRAB3\TRAB3\Release\mt.read.1.tlog
C:\Users\Alexandre Werneck\Documents\Visual Studio 2010\Projects\ArcaboucoTesteC\TRAB3\TRAB3\Release\mt.write.1.tlog
C:\USERS\ALEXANDRE WERNECK\DOCUMENTS\VISUAL STUDIO 2010\PROJECTS\ARCABOUCOTESTEC\TRAB3\TRAB3\RELEASE\PECA.OBJ
C:\USERS\ALEXANDRE WERNECK\DOCUMENTS\VISUAL STUDIO 2010\PROJECTS\ARCABOUCOTESTEC\TRAB3\TRAB3\RELEASE\PRINCIPAL.OBJ
C:\USERS\ALEXANDRE WERNECK\DOCUMENTS\VISUAL STUDIO 2010\PROJECTS\ARCABOUCOTESTEC\TRAB3\TRAB3\RELEASE\TABULEIRO.OBJ
C:\USERS\ALEXANDRE WERNECK\DOCUMENTS\VISUAL STUDIO 2010\PROJECTS\ARCABOUCOTESTEC\TRAB3\TRAB3\RELEASE\TRAB3.EXE.INTERMEDIATE.MANIFEST
C:\USERS\ALEXANDRE WERNECK\DOCUMENTS\VISUAL STUDIO 2010\PROJECTS\ARCABOUCOTESTEC\TRAB3\TRAB3\RELEASE\VC100.PDB
C:\USERS\ALEXANDRE WERNECK\DOCUMENTS\VISUAL STUDIO 2010\PROJECTS\ARCABOUCOTESTEC\TRAB3\TRAB3\RELEASE\VERTICE.OBJ
