C:\USERS\ALEXANDRE WERNECK\DOCUMENTS\VISUAL STUDIO 2010\PROJECTS\ARCABOUCOTESTEC\TRAB4\DEBUG\TRAB4.EXE
C:\USERS\ALEXANDRE WERNECK\DOCUMENTS\VISUAL STUDIO 2010\PROJECTS\ARCABOUCOTESTEC\TRAB4\DEBUG\TRAB4.ILK
C:\USERS\ALEXANDRE WERNECK\DOCUMENTS\VISUAL STUDIO 2010\PROJECTS\ARCABOUCOTESTEC\TRAB4\DEBUG\TRAB4.PDB
C:\Users\Alexandre Werneck\Documents\Visual Studio 2010\Projects\ArcaboucoTesteC\TRAB4\TRAB4\Debug\cl.command.1.tlog
C:\Users\Alexandre Werneck\Documents\Visual Studio 2010\Projects\ArcaboucoTesteC\TRAB4\TRAB4\Debug\CL.read.1.tlog
C:\Users\Alexandre Werneck\Documents\Visual Studio 2010\Projects\ArcaboucoTesteC\TRAB4\TRAB4\Debug\CL.write.1.tlog
C:\USERS\ALEXANDRE WERNECK\DOCUMENTS\VISUAL STUDIO 2010\PROJECTS\ARCABOUCOTESTEC\TRAB4\TRAB4\DEBUG\GRAFO.OBJ
C:\Users\Alexandre Werneck\Documents\Visual Studio 2010\Projects\ArcaboucoTesteC\TRAB4\TRAB4\Debug\link.3564.read.1.tlog
C:\Users\Alexandre Werneck\Documents\Visual Studio 2010\Projects\ArcaboucoTesteC\TRAB4\TRAB4\Debug\link.3564.write.1.tlog
C:\Users\Alexandre Werneck\Documents\Visual Studio 2010\Projects\ArcaboucoTesteC\TRAB4\TRAB4\Debug\link.3564-cvtres.read.1.tlog
C:\Users\Alexandre Werneck\Documents\Visual Studio 2010\Projects\ArcaboucoTesteC\TRAB4\TRAB4\Debug\link.3564-cvtres.write.1.tlog
C:\Users\Alexandre Werneck\Documents\Visual Studio 2010\Projects\ArcaboucoTesteC\TRAB4\TRAB4\Debug\link.command.1.tlog
C:\Users\Alexandre Werneck\Documents\Visual Studio 2010\Projects\ArcaboucoTesteC\TRAB4\TRAB4\Debug\link.read.1.tlog
C:\Users\Alexandre Werneck\Documents\Visual Studio 2010\Projects\ArcaboucoTesteC\TRAB4\TRAB4\Debug\link.write.1.tlog
C:\Users\Alexandre Werneck\Documents\Visual Studio 2010\Projects\ArcaboucoTesteC\TRAB4\TRAB4\Debug\link-cvtres.read.1.tlog
C:\Users\Alexandre Werneck\Documents\Visual Studio 2010\Projects\ArcaboucoTesteC\TRAB4\TRAB4\Debug\link-cvtres.write.1.tlog
C:\USERS\ALEXANDRE WERNECK\DOCUMENTS\VISUAL STUDIO 2010\PROJECTS\ARCABOUCOTESTEC\TRAB4\TRAB4\DEBUG\LISTA.OBJ
C:\Users\Alexandre Werneck\Documents\Visual Studio 2010\Projects\ArcaboucoTesteC\TRAB4\TRAB4\Debug\mt.command.1.tlog
C:\Users\Alexandre Werneck\Documents\Visual Studio 2010\Projects\ArcaboucoTesteC\TRAB4\TRAB4\Debug\mt.read.1.tlog
C:\Users\Alexandre Werneck\Documents\Visual Studio 2010\Projects\ArcaboucoTesteC\TRAB4\TRAB4\Debug\mt.write.1.tlog
C:\Users\Alexandre Werneck\Documents\Visual Studio 2010\Projects\ArcaboucoTesteC\TRAB4\TRAB4\Debug\rc.command.1.tlog
C:\Users\Alexandre Werneck\Documents\Visual Studio 2010\Projects\ArcaboucoTesteC\TRAB4\TRAB4\Debug\rc.read.1.tlog
C:\Users\Alexandre Werneck\Documents\Visual Studio 2010\Projects\ArcaboucoTesteC\TRAB4\TRAB4\Debug\rc.write.1.tlog
C:\USERS\ALEXANDRE WERNECK\DOCUMENTS\VISUAL STUDIO 2010\PROJECTS\ARCABOUCOTESTEC\TRAB4\TRAB4\DEBUG\TESTGRA.OBJ
C:\USERS\ALEXANDRE WERNECK\DOCUMENTS\VISUAL STUDIO 2010\PROJECTS\ARCABOUCOTESTEC\TRAB4\TRAB4\DEBUG\TRAB4.EXE.EMBED.MANIFEST
C:\USERS\ALEXANDRE WERNECK\DOCUMENTS\VISUAL STUDIO 2010\PROJECTS\ARCABOUCOTESTEC\TRAB4\TRAB4\DEBUG\TRAB4.EXE.EMBED.MANIFEST.RES
C:\USERS\ALEXANDRE WERNECK\DOCUMENTS\VISUAL STUDIO 2010\PROJECTS\ARCABOUCOTESTEC\TRAB4\TRAB4\DEBUG\TRAB4.EXE.INTERMEDIATE.MANIFEST
C:\Users\Alexandre Werneck\Documents\Visual Studio 2010\Projects\ArcaboucoTesteC\TRAB4\TRAB4\Debug\TRAB4_manifest.rc
C:\Users\Alexandre Werneck\Documents\Visual Studio 2010\Projects\ArcaboucoTesteC\TRAB4\TRAB4\Debug\vc100.idb
C:\USERS\ALEXANDRE WERNECK\DOCUMENTS\VISUAL STUDIO 2010\PROJECTS\ARCABOUCOTESTEC\TRAB4\TRAB4\DEBUG\VC100.PDB
