Build started 29/11/2013 20:17:09.
     1>Project "C:\Users\Alexandre Werneck\Documents\Visual Studio 2010\Projects\ArcaboucoTesteC\TRAB4\TRAB4\TRAB4.vcxproj" on node 2 (build target(s)).
     1>InitializeBuildStatus:
         Touching "Debug\TRAB4.unsuccessfulbuild".
       ClCompile:
         C:\Program Files (x86)\Microsoft Visual Studio 10.0\VC\bin\CL.exe /c /ZI /nologo /W3 /WX- /Od /Oy- /D WIN32 /D _DEBUG /D _CONSOLE /D _UNICODE /D UNICODE /Gm /EHsc /RTC1 /MDd /GS /fp:precise /Zc:wchar_t /Zc:forScope /Fo"Debug\\" /Fd"Debug\vc100.pdb" /Gd /TC /analyze- /errorReport:prompt GRAFO.C
         GRAFO.C
     1>c:\users\alexandre werneck\documents\visual studio 2010\projects\arcaboucotestec\trab4\trab4\grafo.c(277): warning C4996: 'strcpy': This function or variable may be unsafe. Consider using strcpy_s instead. To disable deprecation, use _CRT_SECURE_NO_WARNINGS. See online help for details.
                 c:\program files (x86)\microsoft visual studio 10.0\vc\include\string.h(105) : see declaration of 'strcpy'
     1>c:\users\alexandre werneck\documents\visual studio 2010\projects\arcaboucotestec\trab4\trab4\grafo.c(604): warning C4996: 'strcpy': This function or variable may be unsafe. Consider using strcpy_s instead. To disable deprecation, use _CRT_SECURE_NO_WARNINGS. See online help for details.
                 c:\program files (x86)\microsoft visual studio 10.0\vc\include\string.h(105) : see declaration of 'strcpy'
     1>c:\users\alexandre werneck\documents\visual studio 2010\projects\arcaboucotestec\trab4\trab4\grafo.c(1045): warning C4716: 'GRA_DeturparGrafo' : must return a value
     1>c:\users\alexandre werneck\documents\visual studio 2010\projects\arcaboucotestec\trab4\trab4\grafo.c(1088): warning C4715: 'GRA_VerificarGrafo' : not all control paths return a value
       ManifestResourceCompile:
         All outputs are up-to-date.
       Link:
         C:\Program Files (x86)\Microsoft Visual Studio 10.0\VC\bin\link.exe /ERRORREPORT:PROMPT /OUT:"C:\Users\Alexandre Werneck\Documents\Visual Studio 2010\Projects\ArcaboucoTesteC\TRAB4\Debug\TRAB4.exe" /INCREMENTAL /NOLOGO kernel32.lib user32.lib gdi32.lib winspool.lib comdlg32.lib advapi32.lib shell32.lib ole32.lib oleaut32.lib uuid.lib odbc32.lib odbccp32.lib /MANIFEST /ManifestFile:"Debug\TRAB4.exe.intermediate.manifest" /MANIFESTUAC:"level='asInvoker' uiAccess='false'" /DEBUG /PDB:"C:\Users\Alexandre Werneck\Documents\Visual Studio 2010\Projects\ArcaboucoTesteC\TRAB4\Debug\TRAB4.pdb" /SUBSYSTEM:CONSOLE /TLBID:1 /DYNAMICBASE /NXCOMPAT /IMPLIB:"C:\Users\Alexandre Werneck\Documents\Visual Studio 2010\Projects\ArcaboucoTesteC\TRAB4\Debug\TRAB4.lib" /MACHINE:X86 Debug\TRAB4.exe.embed.manifest.res
         Debug\GRAFO.obj
         Debug\LISTA.obj
         Debug\TESTGRA.obj
         ArcaboucoTeste.lib
       Manifest:
         C:\Program Files (x86)\Microsoft SDKs\Windows\v7.0A\bin\mt.exe /nologo /verbose /out:"Debug\TRAB4.exe.embed.manifest" /manifest Debug\TRAB4.exe.intermediate.manifest
         All outputs are up-to-date.
       LinkEmbedManifest:
         All outputs are up-to-date.
         TRAB4.vcxproj -> C:\Users\Alexandre Werneck\Documents\Visual Studio 2010\Projects\ArcaboucoTesteC\TRAB4\Debug\TRAB4.exe
       FinalizeBuildStatus:
         Deleting file "Debug\TRAB4.unsuccessfulbuild".
         Touching "Debug\TRAB4.lastbuildstate".
     1>Done Building Project "C:\Users\Alexandre Werneck\Documents\Visual Studio 2010\Projects\ArcaboucoTesteC\TRAB4\TRAB4\TRAB4.vcxproj" (build target(s)).

Build succeeded.

Time Elapsed 00:00:00.95
