C:\Users\Alexandre Werneck\Documents\Visual Studio 2010\Projects\ArcaboucoTesteC\TRAB3\TRAB3\Debug\TRAB3.pdb
C:\Users\Alexandre Werneck\Documents\Visual Studio 2010\Projects\ArcaboucoTesteC\TRAB3\TRAB3\TRAB3\Debug\cl.command.1.tlog
C:\Users\Alexandre Werneck\Documents\Visual Studio 2010\Projects\ArcaboucoTesteC\TRAB3\TRAB3\TRAB3\Debug\CL.read.1.tlog
C:\Users\Alexandre Werneck\Documents\Visual Studio 2010\Projects\ArcaboucoTesteC\TRAB3\TRAB3\TRAB3\Debug\CL.write.1.tlog
C:\USERS\ALEXANDRE WERNECK\DOCUMENTS\VISUAL STUDIO 2010\PROJECTS\ARCABOUCOTESTEC\TRAB3\TRAB3\TRAB3\DEBUG\GRAFO.OBJ
C:\Users\Alexandre Werneck\Documents\Visual Studio 2010\Projects\ArcaboucoTesteC\TRAB3\TRAB3\TRAB3\Debug\link.command.1.tlog
C:\Users\Alexandre Werneck\Documents\Visual Studio 2010\Projects\ArcaboucoTesteC\TRAB3\TRAB3\TRAB3\Debug\link.read.1.tlog
C:\Users\Alexandre Werneck\Documents\Visual Studio 2010\Projects\ArcaboucoTesteC\TRAB3\TRAB3\TRAB3\Debug\link.write.1.tlog
C:\Users\Alexandre Werneck\Documents\Visual Studio 2010\Projects\ArcaboucoTesteC\TRAB3\TRAB3\TRAB3\Debug\link-cvtres.read.1.tlog
C:\Users\Alexandre Werneck\Documents\Visual Studio 2010\Projects\ArcaboucoTesteC\TRAB3\TRAB3\TRAB3\Debug\link-cvtres.write.1.tlog
C:\USERS\ALEXANDRE WERNECK\DOCUMENTS\VISUAL STUDIO 2010\PROJECTS\ARCABOUCOTESTEC\TRAB3\TRAB3\TRAB3\DEBUG\LISTA.OBJ
C:\USERS\ALEXANDRE WERNECK\DOCUMENTS\VISUAL STUDIO 2010\PROJECTS\ARCABOUCOTESTEC\TRAB3\TRAB3\TRAB3\DEBUG\PECA.OBJ
C:\USERS\ALEXANDRE WERNECK\DOCUMENTS\VISUAL STUDIO 2010\PROJECTS\ARCABOUCOTESTEC\TRAB3\TRAB3\TRAB3\DEBUG\PRINCIPAL.OBJ
C:\Users\Alexandre Werneck\Documents\Visual Studio 2010\Projects\ArcaboucoTesteC\TRAB3\TRAB3\TRAB3\Debug\rc.command.1.tlog
C:\Users\Alexandre Werneck\Documents\Visual Studio 2010\Projects\ArcaboucoTesteC\TRAB3\TRAB3\TRAB3\Debug\rc.read.1.tlog
C:\Users\Alexandre Werneck\Documents\Visual Studio 2010\Projects\ArcaboucoTesteC\TRAB3\TRAB3\TRAB3\Debug\rc.write.1.tlog
C:\USERS\ALEXANDRE WERNECK\DOCUMENTS\VISUAL STUDIO 2010\PROJECTS\ARCABOUCOTESTEC\TRAB3\TRAB3\TRAB3\DEBUG\TABULEIRO.OBJ
C:\Users\Alexandre Werneck\Documents\Visual Studio 2010\Projects\ArcaboucoTesteC\TRAB3\TRAB3\TRAB3\Debug\TRAB3.exe.embed.manifest
C:\USERS\ALEXANDRE WERNECK\DOCUMENTS\VISUAL STUDIO 2010\PROJECTS\ARCABOUCOTESTEC\TRAB3\TRAB3\TRAB3\DEBUG\TRAB3.EXE.EMBED.MANIFEST.RES
C:\Users\Alexandre Werneck\Documents\Visual Studio 2010\Projects\ArcaboucoTesteC\TRAB3\TRAB3\TRAB3\Debug\TRAB3.exe.intermediate.manifest
C:\Users\Alexandre Werneck\Documents\Visual Studio 2010\Projects\ArcaboucoTesteC\TRAB3\TRAB3\TRAB3\Debug\TRAB3_manifest.rc
C:\Users\Alexandre Werneck\Documents\Visual Studio 2010\Projects\ArcaboucoTesteC\TRAB3\TRAB3\TRAB3\Debug\vc100.idb
C:\USERS\ALEXANDRE WERNECK\DOCUMENTS\VISUAL STUDIO 2010\PROJECTS\ARCABOUCOTESTEC\TRAB3\TRAB3\TRAB3\DEBUG\VC100.PDB
