Build started 24/10/2013 00:44:41.
     1>Project "C:\Users\Alexandre Werneck\Documents\Visual Studio 2010\Projects\ArcaboucoTesteC\TRAB3\TRAB3\TRAB3\TRAB3.vcxproj" on node 2 (rebuild target(s)).
     1>_PrepareForClean:
         Deleting file "Debug\TRAB3.lastbuildstate".
       InitializeBuildStatus:
         Touching "Debug\TRAB3.unsuccessfulbuild".
       ClCompile:
         C:\Program Files (x86)\Microsoft Visual Studio 10.0\VC\bin\CL.exe /c /ZI /nologo /W3 /WX- /Od /Oy- /D WIN32 /D _DEBUG /D _CONSOLE /D _UNICODE /D UNICODE /Gm /EHsc /RTC1 /MDd /GS /fp:precise /Zc:wchar_t /Zc:forScope /Fo"Debug\\" /Fd"Debug\vc100.pdb" /Gd /TC /analyze- /errorReport:prompt GRAFO.C LISTA.C PECA.C PRINCIPAL.C TABULEIRO.C
         TABULEIRO.C
         PRINCIPAL.C
         PECA.C
         LISTA.C
         GRAFO.C
         Generating Code...
       ManifestResourceCompile:
         C:\Program Files (x86)\Microsoft SDKs\Windows\v7.0A\bin\rc.exe /nologo /fo"Debug\TRAB3.exe.embed.manifest.res" Debug\TRAB3_manifest.rc 
       Link:
         C:\Program Files (x86)\Microsoft Visual Studio 10.0\VC\bin\link.exe /ERRORREPORT:PROMPT /OUT:"C:\Users\Alexandre Werneck\Documents\Visual Studio 2010\Projects\ArcaboucoTesteC\TRAB3\TRAB3\Debug\TRAB3.exe" /INCREMENTAL /NOLOGO kernel32.lib user32.lib gdi32.lib winspool.lib comdlg32.lib advapi32.lib shell32.lib ole32.lib oleaut32.lib uuid.lib odbc32.lib odbccp32.lib /MANIFEST /ManifestFile:"Debug\TRAB3.exe.intermediate.manifest" /MANIFESTUAC:"level='asInvoker' uiAccess='false'" /DEBUG /PDB:"C:\Users\Alexandre Werneck\Documents\Visual Studio 2010\Projects\ArcaboucoTesteC\TRAB3\TRAB3\Debug\TRAB3.pdb" /SUBSYSTEM:CONSOLE /TLBID:1 /DYNAMICBASE /NXCOMPAT /IMPLIB:"C:\Users\Alexandre Werneck\Documents\Visual Studio 2010\Projects\ArcaboucoTesteC\TRAB3\TRAB3\Debug\TRAB3.lib" /MACHINE:X86 Debug\TRAB3.exe.embed.manifest.res
         Debug\GRAFO.obj
         Debug\LISTA.obj
         Debug\PECA.obj
         Debug\PRINCIPAL.obj
         Debug\TABULEIRO.obj
       Manifest:
         Deleting file "Debug\TRAB3.exe.embed.manifest".
         C:\Program Files (x86)\Microsoft SDKs\Windows\v7.0A\bin\mt.exe /nologo /verbose /out:"Debug\TRAB3.exe.embed.manifest" /manifest Debug\TRAB3.exe.intermediate.manifest
         C:\Program Files (x86)\Microsoft SDKs\Windows\v7.0A\bin\rc.exe /nologo /fo"Debug\TRAB3.exe.embed.manifest.res" Debug\TRAB3_manifest.rc 
       LinkEmbedManifest:
         C:\Program Files (x86)\Microsoft Visual Studio 10.0\VC\bin\link.exe /ERRORREPORT:PROMPT /OUT:"C:\Users\Alexandre Werneck\Documents\Visual Studio 2010\Projects\ArcaboucoTesteC\TRAB3\TRAB3\Debug\TRAB3.exe" /INCREMENTAL /NOLOGO kernel32.lib user32.lib gdi32.lib winspool.lib comdlg32.lib advapi32.lib shell32.lib ole32.lib oleaut32.lib uuid.lib odbc32.lib odbccp32.lib /MANIFEST /ManifestFile:"Debug\TRAB3.exe.intermediate.manifest" /MANIFESTUAC:"level='asInvoker' uiAccess='false'" /DEBUG /PDB:"C:\Users\Alexandre Werneck\Documents\Visual Studio 2010\Projects\ArcaboucoTesteC\TRAB3\TRAB3\Debug\TRAB3.pdb" /SUBSYSTEM:CONSOLE /TLBID:1 /DYNAMICBASE /NXCOMPAT /IMPLIB:"C:\Users\Alexandre Werneck\Documents\Visual Studio 2010\Projects\ArcaboucoTesteC\TRAB3\TRAB3\Debug\TRAB3.lib" /MACHINE:X86 Debug\TRAB3.exe.embed.manifest.res
         Debug\GRAFO.obj
         Debug\LISTA.obj
         Debug\PECA.obj
         Debug\PRINCIPAL.obj
         Debug\TABULEIRO.obj
         TRAB3.vcxproj -> C:\Users\Alexandre Werneck\Documents\Visual Studio 2010\Projects\ArcaboucoTesteC\TRAB3\TRAB3\Debug\TRAB3.exe
       FinalizeBuildStatus:
         Deleting file "Debug\TRAB3.unsuccessfulbuild".
         Touching "Debug\TRAB3.lastbuildstate".
     1>Done Building Project "C:\Users\Alexandre Werneck\Documents\Visual Studio 2010\Projects\ArcaboucoTesteC\TRAB3\TRAB3\TRAB3\TRAB3.vcxproj" (rebuild target(s)).

Build succeeded.

Time Elapsed 00:00:02.02
